c:\users\alswp\onedrive\바탕 화면\엑옵\openxops 초보용 개조 스킬 완성\src\openxops\blackline breach\debug\vc143.pdb
c:\users\alswp\onedrive\바탕 화면\엑옵\openxops 초보용 개조 스킬 완성\src\openxops\blackline breach\debug\vc143.idb
c:\users\alswp\onedrive\바탕 화면\엑옵\openxops 초보용 개조 스킬 완성\src\openxops\blackline breach\debug\object_playerskill.obj
c:\users\alswp\onedrive\바탕 화면\엑옵\openxops 초보용 개조 스킬 완성\src\openxops\blackline breach\debug\objectmanager.obj
c:\users\alswp\onedrive\바탕 화면\엑옵\openxops 초보용 개조 스킬 완성\src\openxops\blackline breach\debug\object.obj
c:\users\alswp\onedrive\바탕 화면\엑옵\openxops 초보용 개조 스킬 완성\src\openxops\blackline breach\debug\main.obj
c:\users\alswp\onedrive\바탕 화면\엑옵\openxops 초보용 개조 스킬 완성\src\openxops\blackline breach\debug\input.obj
c:\users\alswp\onedrive\바탕 화면\엑옵\openxops 초보용 개조 스킬 완성\src\openxops\blackline breach\debug\gui-object.obj
c:\users\alswp\onedrive\바탕 화면\엑옵\openxops 초보용 개조 스킬 완성\src\openxops\blackline breach\debug\gamemain_skillhud.obj
c:\users\alswp\onedrive\바탕 화면\엑옵\openxops 초보용 개조 스킬 완성\src\openxops\blackline breach\debug\gamemain_skilleffect.obj
c:\users\alswp\onedrive\바탕 화면\엑옵\openxops 초보용 개조 스킬 완성\src\openxops\blackline breach\debug\gamemain_playerskill.obj
c:\users\alswp\onedrive\바탕 화면\엑옵\openxops 초보용 개조 스킬 완성\src\openxops\blackline breach\debug\gamemain.obj
c:\users\alswp\onedrive\바탕 화면\엑옵\openxops 초보용 개조 스킬 완성\src\openxops\blackline breach\debug\event.obj
c:\users\alswp\onedrive\바탕 화면\엑옵\openxops 초보용 개조 스킬 완성\src\openxops\blackline breach\debug\debug.obj
c:\users\alswp\onedrive\바탕 화면\엑옵\openxops 초보용 개조 스킬 완성\src\openxops\blackline breach\debug\datafile.obj
c:\users\alswp\onedrive\바탕 화면\엑옵\openxops 초보용 개조 스킬 완성\src\openxops\blackline breach\debug\d3dgraphics-opengl.obj
c:\users\alswp\onedrive\바탕 화면\엑옵\openxops 초보용 개조 스킬 완성\src\openxops\blackline breach\debug\d3dgraphics-directx.obj
c:\users\alswp\onedrive\바탕 화면\엑옵\openxops 초보용 개조 스킬 완성\src\openxops\blackline breach\debug\d3dgraphics-debugfont.obj
c:\users\alswp\onedrive\바탕 화면\엑옵\openxops 초보용 개조 스킬 완성\src\openxops\blackline breach\debug\config.obj
c:\users\alswp\onedrive\바탕 화면\엑옵\openxops 초보용 개조 스킬 완성\src\openxops\blackline breach\debug\collision.obj
c:\users\alswp\onedrive\바탕 화면\엑옵\openxops 초보용 개조 스킬 완성\src\openxops\blackline breach\debug\blackline breach.obj
c:\users\alswp\onedrive\바탕 화면\엑옵\openxops 초보용 개조 스킬 완성\src\openxops\blackline breach\debug\ai.obj
c:\users\alswp\onedrive\바탕 화면\엑옵\openxops 초보용 개조 스킬 완성\src\openxops\blackline breach\debug\window.obj
c:\users\alswp\onedrive\바탕 화면\엑옵\openxops 초보용 개조 스킬 완성\src\openxops\blackline breach\debug\statemachine.obj
c:\users\alswp\onedrive\바탕 화면\엑옵\openxops 초보용 개조 스킬 완성\src\openxops\blackline breach\debug\soundmanager.obj
c:\users\alswp\onedrive\바탕 화면\엑옵\openxops 초보용 개조 스킬 완성\src\openxops\blackline breach\debug\sound-ezds.obj
c:\users\alswp\onedrive\바탕 화면\엑옵\openxops 초보용 개조 스킬 완성\src\openxops\blackline breach\debug\sound-directsound.obj
c:\users\alswp\onedrive\바탕 화면\엑옵\openxops 초보용 개조 스킬 완성\src\openxops\blackline breach\debug\scene.obj
c:\users\alswp\onedrive\바탕 화면\엑옵\openxops 초보용 개조 스킬 완성\src\openxops\blackline breach\debug\resource.obj
c:\users\alswp\onedrive\바탕 화면\엑옵\openxops 초보용 개조 스킬 완성\src\openxops\blackline breach\debug\playerskill.obj
c:\users\alswp\onedrive\바탕 화면\엑옵\openxops 초보용 개조 스킬 완성\src\openxops\blackline breach\debug\parameter.obj
c:\users\alswp\onedrive\바탕 화면\엑옵\openxops 초보용 개조 스킬 완성\src\openxops\debug\blackline breach.exe
c:\users\alswp\onedrive\바탕 화면\엑옵\openxops 초보용 개조 스킬 완성\src\openxops\debug\blackline breach.pdb
c:\users\alswp\onedrive\바탕 화면\엑옵\openxops 초보용 개조 스킬 완성\src\openxops\blackline breach\debug\resource.res
c:\users\alswp\onedrive\바탕 화면\엑옵\openxops 초보용 개조 스킬 완성\src\openxops\blackline breach\debug\blackline breach.ilk
c:\users\alswp\onedrive\바탕 화면\엑옵\openxops 초보용 개조 스킬 완성\src\openxops\blackline breach\debug\blackline breach.tlog\cl.command.1.tlog
c:\users\alswp\onedrive\바탕 화면\엑옵\openxops 초보용 개조 스킬 완성\src\openxops\blackline breach\debug\blackline breach.tlog\cl.items.tlog
c:\users\alswp\onedrive\바탕 화면\엑옵\openxops 초보용 개조 스킬 완성\src\openxops\blackline breach\debug\blackline breach.tlog\cl.read.1.tlog
c:\users\alswp\onedrive\바탕 화면\엑옵\openxops 초보용 개조 스킬 완성\src\openxops\blackline breach\debug\blackline breach.tlog\cl.write.1.tlog
c:\users\alswp\onedrive\바탕 화면\엑옵\openxops 초보용 개조 스킬 완성\src\openxops\blackline breach\debug\blackline breach.tlog\link.command.1.tlog
c:\users\alswp\onedrive\바탕 화면\엑옵\openxops 초보용 개조 스킬 완성\src\openxops\blackline breach\debug\blackline breach.tlog\link.read.1.tlog
c:\users\alswp\onedrive\바탕 화면\엑옵\openxops 초보용 개조 스킬 완성\src\openxops\blackline breach\debug\blackline breach.tlog\link.secondary.1.tlog
c:\users\alswp\onedrive\바탕 화면\엑옵\openxops 초보용 개조 스킬 완성\src\openxops\blackline breach\debug\blackline breach.tlog\link.write.1.tlog
c:\users\alswp\onedrive\바탕 화면\엑옵\openxops 초보용 개조 스킬 완성\src\openxops\blackline breach\debug\blackline breach.tlog\rc.command.1.tlog
c:\users\alswp\onedrive\바탕 화면\엑옵\openxops 초보용 개조 스킬 완성\src\openxops\blackline breach\debug\blackline breach.tlog\rc.read.1.tlog
c:\users\alswp\onedrive\바탕 화면\엑옵\openxops 초보용 개조 스킬 완성\src\openxops\blackline breach\debug\blackline breach.tlog\rc.write.1.tlog
