c:\users\alswp\onedrive\바탕 화면\엑옵\openxops 초보용 개조 스킬 완성\src\openxops\blackline breach\release\vc143.pdb
c:\users\alswp\onedrive\바탕 화면\엑옵\openxops 초보용 개조 스킬 완성\src\openxops\blackline breach\release\object_playerskill.obj
c:\users\alswp\onedrive\바탕 화면\엑옵\openxops 초보용 개조 스킬 완성\src\openxops\blackline breach\release\objectmanager.obj
c:\users\alswp\onedrive\바탕 화면\엑옵\openxops 초보용 개조 스킬 완성\src\openxops\blackline breach\release\object.obj
c:\users\alswp\onedrive\바탕 화면\엑옵\openxops 초보용 개조 스킬 완성\src\openxops\blackline breach\release\main.obj
c:\users\alswp\onedrive\바탕 화면\엑옵\openxops 초보용 개조 스킬 완성\src\openxops\blackline breach\release\input.obj
c:\users\alswp\onedrive\바탕 화면\엑옵\openxops 초보용 개조 스킬 완성\src\openxops\blackline breach\release\gui-object.obj
c:\users\alswp\onedrive\바탕 화면\엑옵\openxops 초보용 개조 스킬 완성\src\openxops\blackline breach\release\gamemain_skillhud.obj
c:\users\alswp\onedrive\바탕 화면\엑옵\openxops 초보용 개조 스킬 완성\src\openxops\blackline breach\release\gamemain_skilleffect.obj
c:\users\alswp\onedrive\바탕 화면\엑옵\openxops 초보용 개조 스킬 완성\src\openxops\blackline breach\release\gamemain_playerskill.obj
c:\users\alswp\onedrive\바탕 화면\엑옵\openxops 초보용 개조 스킬 완성\src\openxops\blackline breach\release\gamemain.obj
c:\users\alswp\onedrive\바탕 화면\엑옵\openxops 초보용 개조 스킬 완성\src\openxops\blackline breach\release\event.obj
c:\users\alswp\onedrive\바탕 화면\엑옵\openxops 초보용 개조 스킬 완성\src\openxops\blackline breach\release\debug.obj
c:\users\alswp\onedrive\바탕 화면\엑옵\openxops 초보용 개조 스킬 완성\src\openxops\blackline breach\release\datafile.obj
c:\users\alswp\onedrive\바탕 화면\엑옵\openxops 초보용 개조 스킬 완성\src\openxops\blackline breach\release\d3dgraphics-opengl.obj
c:\users\alswp\onedrive\바탕 화면\엑옵\openxops 초보용 개조 스킬 완성\src\openxops\blackline breach\release\d3dgraphics-directx.obj
c:\users\alswp\onedrive\바탕 화면\엑옵\openxops 초보용 개조 스킬 완성\src\openxops\blackline breach\release\d3dgraphics-debugfont.obj
c:\users\alswp\onedrive\바탕 화면\엑옵\openxops 초보용 개조 스킬 완성\src\openxops\blackline breach\release\config.obj
c:\users\alswp\onedrive\바탕 화면\엑옵\openxops 초보용 개조 스킬 완성\src\openxops\blackline breach\release\collision.obj
c:\users\alswp\onedrive\바탕 화면\엑옵\openxops 초보용 개조 스킬 완성\src\openxops\blackline breach\release\ai.obj
c:\users\alswp\onedrive\바탕 화면\엑옵\openxops 초보용 개조 스킬 완성\src\openxops\blackline breach\release\window.obj
c:\users\alswp\onedrive\바탕 화면\엑옵\openxops 초보용 개조 스킬 완성\src\openxops\blackline breach\release\statemachine.obj
c:\users\alswp\onedrive\바탕 화면\엑옵\openxops 초보용 개조 스킬 완성\src\openxops\blackline breach\release\soundmanager.obj
c:\users\alswp\onedrive\바탕 화면\엑옵\openxops 초보용 개조 스킬 완성\src\openxops\blackline breach\release\sound-ezds.obj
c:\users\alswp\onedrive\바탕 화면\엑옵\openxops 초보용 개조 스킬 완성\src\openxops\blackline breach\release\sound-directsound.obj
c:\users\alswp\onedrive\바탕 화면\엑옵\openxops 초보용 개조 스킬 완성\src\openxops\blackline breach\release\scene.obj
c:\users\alswp\onedrive\바탕 화면\엑옵\openxops 초보용 개조 스킬 완성\src\openxops\blackline breach\release\resource.obj
c:\users\alswp\onedrive\바탕 화면\엑옵\openxops 초보용 개조 스킬 완성\src\openxops\blackline breach\release\playerskill.obj
c:\users\alswp\onedrive\바탕 화면\엑옵\openxops 초보용 개조 스킬 완성\src\openxops\blackline breach\release\parameter.obj
c:\users\alswp\onedrive\바탕 화면\엑옵\openxops 초보용 개조 스킬 완성\src\openxops\blackline breach\release\blackline breach.obj
c:\users\alswp\onedrive\바탕 화면\엑옵\openxops 초보용 개조 스킬 완성\src\openxops\blackline breach\release\resource.res
c:\users\alswp\onedrive\바탕 화면\엑옵\openxops 초보용 개조 스킬 완성\src\openxops\blackline breach\release\blackline breach.ipdb
c:\users\alswp\onedrive\바탕 화면\엑옵\openxops 초보용 개조 스킬 완성\src\openxops\blackline breach\release\blackline breach.iobj
c:\users\alswp\onedrive\바탕 화면\엑옵\openxops 초보용 개조 스킬 완성\src\openxops\release\blackline breach.pdb
c:\users\alswp\onedrive\바탕 화면\엑옵\openxops 초보용 개조 스킬 완성\src\openxops\release\blackline breach.exe
c:\users\alswp\onedrive\바탕 화면\엑옵\openxops 초보용 개조 스킬 완성\src\openxops\blackline breach\release\blackline breach.tlog\cl.command.1.tlog
c:\users\alswp\onedrive\바탕 화면\엑옵\openxops 초보용 개조 스킬 완성\src\openxops\blackline breach\release\blackline breach.tlog\cl.items.tlog
c:\users\alswp\onedrive\바탕 화면\엑옵\openxops 초보용 개조 스킬 완성\src\openxops\blackline breach\release\blackline breach.tlog\cl.read.1.tlog
c:\users\alswp\onedrive\바탕 화면\엑옵\openxops 초보용 개조 스킬 완성\src\openxops\blackline breach\release\blackline breach.tlog\cl.write.1.tlog
c:\users\alswp\onedrive\바탕 화면\엑옵\openxops 초보용 개조 스킬 완성\src\openxops\blackline breach\release\blackline breach.tlog\link.command.1.tlog
c:\users\alswp\onedrive\바탕 화면\엑옵\openxops 초보용 개조 스킬 완성\src\openxops\blackline breach\release\blackline breach.tlog\link.read.1.tlog
c:\users\alswp\onedrive\바탕 화면\엑옵\openxops 초보용 개조 스킬 완성\src\openxops\blackline breach\release\blackline breach.tlog\link.secondary.1.tlog
c:\users\alswp\onedrive\바탕 화면\엑옵\openxops 초보용 개조 스킬 완성\src\openxops\blackline breach\release\blackline breach.tlog\link.write.1.tlog
c:\users\alswp\onedrive\바탕 화면\엑옵\openxops 초보용 개조 스킬 완성\src\openxops\blackline breach\release\blackline breach.tlog\rc.command.1.tlog
c:\users\alswp\onedrive\바탕 화면\엑옵\openxops 초보용 개조 스킬 완성\src\openxops\blackline breach\release\blackline breach.tlog\rc.read.1.tlog
c:\users\alswp\onedrive\바탕 화면\엑옵\openxops 초보용 개조 스킬 완성\src\openxops\blackline breach\release\blackline breach.tlog\rc.write.1.tlog
