  ai.cpp
  Blackline Breach.cpp
  collision.cpp
  config.cpp
  d3dgraphics-debugfont.cpp
  d3dgraphics-directx.cpp
  d3dgraphics-opengl.cpp
  datafile.cpp
  debug.cpp
  event.cpp
  gamemain.cpp
  gamemain_playerskill.cpp
C:\Users\alswp\OneDrive\바탕 화면\엑옵\openxops 초보용 개조 스킬 완성\src\gamemain_playerskill.cpp(4225,43): warning C4244: '=': 'float'에서 'int'(으)로 변환하면서 데이터가 손실될 수 있습니다.
C:\Users\alswp\OneDrive\바탕 화면\엑옵\openxops 초보용 개조 스킬 완성\src\gamemain_playerskill.cpp(5965,41): warning C4244: '=': 'float'에서 'int'(으)로 변환하면서 데이터가 손실될 수 있습니다.
  gamemain_skilleffect.cpp
  gamemain_skillhud.cpp
  gui-object.cpp
  input.cpp
  main.cpp
  object.cpp
  objectmanager.cpp
  object_playerskill.cpp
  컴파일하고 있습니다...
  parameter.cpp
  playerskill.cpp
  resource.cpp
  scene.cpp
  sound-directsound.cpp
  sound-ezds.cpp
  soundmanager.cpp
  statemachine.cpp
  window.cpp
  코드를 생성하고 있습니다.
  Previous IPDB not found, fall back to full compilation.
  All 1401 functions were compiled because no usable IPDB/IOBJ from previous compilation was found.
  코드를 생성했습니다.
  OpenXOPS.vcxproj -> C:\Users\alswp\OneDrive\바탕 화면\엑옵\openxops 초보용 개조 스킬 완성\src\OpenXOPS\Release\Blackline Breach.exe
